#-----------------------------------------------------------
# PlanAhead v14.7 (64-bit)
# Build 321239 by xbuild on Fri Sep 27 19:24:36 MDT 2013
# Start of session at: Mon May  5 14:15:47 2025
# Process ID: 3916
# Log file: /home/sd/ula/planAhead_run_1/planAhead.log
# Journal file: /home/sd/ula/planAhead_run_1/planAhead.jou
#-----------------------------------------------------------
INFO: [Common 17-78] Attempting to get a license: PlanAhead
INFO: [Common 17-290] Got license for PlanAhead
INFO: [Common 17-86] Your PlanAhead license expires in -2136 day(s)
INFO: [Device 21-36] Loading parts and site information from /opt/Xilinx/14.7/ISE_DS/PlanAhead/data/parts/arch.xml
Parsing RTL primitives file [/opt/Xilinx/14.7/ISE_DS/PlanAhead/data/parts/xilinx/rtl/prims/rtl_prims.xml]
Finished parsing RTL primitives file [/opt/Xilinx/14.7/ISE_DS/PlanAhead/data/parts/xilinx/rtl/prims/rtl_prims.xml]
start_gui
source /home/sd/ula/pa.fromHdl.tcl
# create_project -name ula -dir "/home/sd/ula/planAhead_run_1" -part xc3s700anfgg484-4
# set_param project.pinAheadLayout yes
# set srcset [get_property srcset [current_run -impl]]
# set_property target_constrs_file "ula.ucf" [current_fileset -constrset]
Adding file '/home/sd/ula/ula.ucf' to fileset 'constrs_1'
# set hdlfile [add_files [list {../Desktop/ula/debouncer.vhdl}]]
# set_property file_type VHDL $hdlfile
# set_property library work $hdlfile
# set hdlfile [add_files [list {../Desktop/ula/ula.vhdl}]]
# set_property file_type VHDL $hdlfile
# set_property library work $hdlfile
# set_property top ula $srcset
# add_files [list {ula.ucf}] -fileset [get_property constrset [current_run]]
# open_rtl_design -part xc3s700anfgg484-4
Using Verific elaboration
Parsing VHDL file "/opt/Xilinx/14.7/ISE_DS/PlanAhead/data/parts/xilinx/rtl/lib/synplify/synattr.vhd" into library synplify
Parsing VHDL file "/opt/Xilinx/14.7/ISE_DS/PlanAhead/data/parts/xilinx/rtl/lib/synplify/synattr.vhd" into library synplify
Parsing VHDL file "/home/sd/Desktop/ula/debouncer.vhdl" into library work
Parsing VHDL file "/home/sd/Desktop/ula/ula.vhdl" into library work
INFO: [Designutils 20-910] Reading macro library /opt/Xilinx/14.7/ISE_DS/PlanAhead/data/./parts/xilinx/spartan3a/hd_int_macros.edn
Parsing EDIF File [/opt/Xilinx/14.7/ISE_DS/PlanAhead/data/./parts/xilinx/spartan3a/hd_int_macros.edn]
Finished Parsing EDIF File [/opt/Xilinx/14.7/ISE_DS/PlanAhead/data/./parts/xilinx/spartan3a/hd_int_macros.edn]
Loading clock regions from /opt/Xilinx/14.7/ISE_DS/PlanAhead/data/parts/xilinx/spartan3a/spartan3a/xc3s700an/ClockRegion.xml
Loading clock buffers from /opt/Xilinx/14.7/ISE_DS/PlanAhead/data/parts/xilinx/spartan3a/spartan3a/xc3s700an/ClockBuffers.xml
Loading package from /opt/Xilinx/14.7/ISE_DS/PlanAhead/data/parts/xilinx/spartan3a/spartan3a/xc3s700an/fgg484/Package.xml
Loading io standards from /opt/Xilinx/14.7/ISE_DS/PlanAhead/data/./parts/xilinx/spartan3a/IOStandards.xml
INFO: [Device 21-19] Loading pkg sso from /opt/Xilinx/14.7/ISE_DS/PlanAhead/data/parts/xilinx/spartan3a/spartan3a/xc3s700an/fgg484/SSORules.xml
Loading list of drcs for the architecture : /opt/Xilinx/14.7/ISE_DS/PlanAhead/data/./parts/xilinx/spartan3a/drc.xml
INFO: [Timing 38-77] Reading timing library /opt/Xilinx/14.7/ISE_DS/PlanAhead/data/parts/xilinx/spartan3a/spartan3a/spartan3a-4.lib.
INFO: [Timing 38-34] Done reading timing library /opt/Xilinx/14.7/ISE_DS/PlanAhead/data/parts/xilinx/spartan3a/spartan3a/spartan3a-4.lib.
Parsing UCF File [/home/sd/ula/ula.ucf]
Finished Parsing UCF File [/home/sd/ula/ula.ucf]
INFO: [Project 1-111] Unisim Transformation Summary:
No Unisim elements were transformed.

Phase 0 | Netlist Checksum: 9015b1dd
open_rtl_design: Time (s): cpu = 00:00:14 ; elapsed = 00:00:08 . Memory (MB): peak = 2805.316 ; gain = 134.367
update_compile_order -fileset sim_1
set_property iostandard LVCMOS33 [get_ports [list {indicators[3]} {indicators[2]} {indicators[1]} {indicators[0]}]]
set_property iostandard LVCMOS33 [get_ports [list {input[3]} {input[2]} {input[1]} {input[0]}]]
set_property iostandard LVCMOS33 [get_ports [list {output[3]} {output[2]} {output[1]} {output[0]}]]
startgroup
set_property package_pin W21 [get_ports {indicators[3]}]
endgroup
startgroup
set_property package_pin Y22 [get_ports {indicators[2]}]
endgroup
startgroup
set_property package_pin V20 [get_ports {indicators[1]}]
endgroup
startgroup
set_property package_pin V19 [get_ports {indicators[0]}]
endgroup
startgroup
set_property package_pin T9 [get_ports {input[3]}]
endgroup
startgroup
set_property package_pin U8 [get_ports {input[2]}]
endgroup
startgroup
set_property package_pin U10 [get_ports {input[1]}]
endgroup
startgroup
set_property package_pin V8 [get_ports {input[0]}]
endgroup
startgroup
set_property package_pin U19 [get_ports {output[3]}]
endgroup
startgroup
set_property package_pin U20 [get_ports {output[3]}]
endgroup
startgroup
set_property package_pin U19 [get_ports {output[3]}]
endgroup
startgroup
set_property package_pin U20 [get_ports {output[2]}]
endgroup
startgroup
set_property package_pin T19 [get_ports {output[1]}]
endgroup
startgroup
set_property package_pin R20 [get_ports {output[0]}]
endgroup
startgroup
set_property package_pin E12 [get_ports clock]
endgroup
startgroup
set_property package_pin T15 [get_ports button]
endgroup
save_constraints
exit
ERROR: [#UNDEF] *** Exception: ui.h.b: Found deleted key in HTclEventBroker. Verify if the classes listed here call cleanup()
HTclEvent: SIGNAL_BUS_MODIFY   Classes: ui.views.aR 
HTclEvent: DEBUG_PORT_CONFIG_CHANGE   Classes: ui.views.aR 
HTclEvent: SIGNAL_MODIFY   Classes: ui.views.aR 
HTclEvent: DEBUG_CORE_CONFIG_CHANGE   Classes: ui.views.aR 
 (See /home/sd/ula/planAhead_pid3916.debug)
ERROR: [Common 17-39] 'stop_gui' failed due to earlier errors.
INFO: [Common 17-206] Exiting PlanAhead at Mon May  5 14:21:01 2025...
INFO: [Common 17-83] Releasing license: PlanAhead
